<?xml version="1.0" ?>
<!DOCTYPE coverage SYSTEM "http://cobertura.sourceforge.net/xml/coverage-04.dtd">
<coverage lines-valid="3" lines-covered="0" line-rate="0" branches-valid="0" branches-covered="0" branch-rate="1" timestamp="1645758159077" complexity="0" version="0.1">
  <sources>
    <source>/Users/chenyn/Workspace/@github/demo-jest-typescript</source>
  </sources>
  <packages>
    <package name="packages.app.src" line-rate="0" branch-rate="1">
      <classes>
        <class name="index.tsx" filename="packages/app/src/index.tsx" line-rate="0" branch-rate="1">
          <methods>
          </methods>
          <lines>
            <line number="1" hits="0" branch="false"/>
          </lines>
        </class>
      </classes>
    </package>
    <package name="packages.demo.src" line-rate="0" branch-rate="1">
      <classes>
        <class name="index.ts" filename="packages/demo/src/index.ts" line-rate="0" branch-rate="1">
          <methods>
          </methods>
          <lines>
            <line number="1" hits="0" branch="false"/>
          </lines>
        </class>
      </classes>
    </package>
    <package name="src" line-rate="0" branch-rate="1">
      <classes>
        <class name="index.ts" filename="src/index.ts" line-rate="0" branch-rate="1">
          <methods>
          </methods>
          <lines>
            <line number="1" hits="0" branch="false"/>
          </lines>
        </class>
      </classes>
    </package>
  </packages>
</coverage>
