<?xml version="1.0" ?>
<!DOCTYPE coverage SYSTEM "http://cobertura.sourceforge.net/xml/coverage-04.dtd">
<coverage lines-valid="96" lines-covered="26" line-rate="0.2708" branches-valid="22" branches-covered="9" branch-rate="0.409" timestamp="1647054050910" complexity="0" version="0.1">
  <sources>
    <source>/Users/chenyn/Workspace/@github/demo-jest-typescript</source>
  </sources>
  <packages>
    <package name="packages.app.src" line-rate="0" branch-rate="1">
      <classes>
        <class name="index.tsx" filename="packages/app/src/index.tsx" line-rate="0" branch-rate="1">
          <methods>
          </methods>
          <lines>
            <line number="1" hits="0" branch="false"/>
          </lines>
        </class>
      </classes>
    </package>
    <package name="packages.app.test.demo.enzyme" line-rate="0" branch-rate="1">
      <classes>
        <class name="demo.button.tsx" filename="packages/app/test/demo/enzyme/demo.button.tsx" line-rate="0" branch-rate="1">
          <methods>
            <method name="(anonymous_1)" hits="0" signature="()V">
              <lines>
                <line number="3" hits="0"/>
              </lines>
            </method>
          </methods>
          <lines>
            <line number="1" hits="0" branch="false"/>
            <line number="3" hits="0" branch="false"/>
            <line number="4" hits="0" branch="false"/>
            <line number="7" hits="0" branch="false"/>
          </lines>
        </class>
      </classes>
    </package>
    <package name="packages.app.test.demo.eventTest" line-rate="0" branch-rate="1">
      <classes>
        <class name="TestEvents.tsx" filename="packages/app/test/demo/eventTest/TestEvents.tsx" line-rate="0" branch-rate="1">
          <methods>
            <method name="(anonymous_1)" hits="0" signature="()V">
              <lines>
                <line number="3" hits="0"/>
              </lines>
            </method>
            <method name="(anonymous_2)" hits="0" signature="()V">
              <lines>
                <line number="9" hits="0"/>
              </lines>
            </method>
            <method name="(anonymous_3)" hits="0" signature="()V">
              <lines>
                <line number="13" hits="0"/>
              </lines>
            </method>
          </methods>
          <lines>
            <line number="1" hits="0" branch="false"/>
            <line number="3" hits="0" branch="false"/>
            <line number="4" hits="0" branch="false"/>
            <line number="6" hits="0" branch="false"/>
            <line number="9" hits="0" branch="false"/>
            <line number="13" hits="0" branch="false"/>
          </lines>
        </class>
      </classes>
    </package>
    <package name="packages.app.test.demo.reduxTest" line-rate="0" branch-rate="0">
      <classes>
        <class name="TestRedux.tsx" filename="packages/app/test/demo/reduxTest/TestRedux.tsx" line-rate="0" branch-rate="0">
          <methods>
            <method name="(anonymous_1)" hits="0" signature="()V">
              <lines>
                <line number="12" hits="0"/>
              </lines>
            </method>
            <method name="incrementActionCreator" hits="0" signature="()V">
              <lines>
                <line number="21" hits="0"/>
              </lines>
            </method>
            <method name="dencrementActionCreator" hits="0" signature="()V">
              <lines>
                <line number="24" hits="0"/>
              </lines>
            </method>
            <method name="reducer" hits="0" signature="()V">
              <lines>
                <line number="28" hits="0"/>
              </lines>
            </method>
            <method name="useCounter" hits="0" signature="()V">
              <lines>
                <line number="46" hits="0"/>
              </lines>
            </method>
            <method name="(anonymous_6)" hits="0" signature="()V">
              <lines>
                <line number="49" hits="0"/>
              </lines>
            </method>
            <method name="(anonymous_7)" hits="0" signature="()V">
              <lines>
                <line number="50" hits="0"/>
              </lines>
            </method>
            <method name="(anonymous_8)" hits="0" signature="()V">
              <lines>
                <line number="52" hits="0"/>
              </lines>
            </method>
            <method name="TestRedux" hits="0" signature="()V">
              <lines>
                <line number="57" hits="0"/>
              </lines>
            </method>
          </methods>
          <lines>
            <line number="1" hits="0" branch="false"/>
            <line number="2" hits="0" branch="false"/>
            <line number="8" hits="0" branch="false"/>
            <line number="12" hits="0" branch="true" condition-coverage="0% (0/2)"/>
            <line number="13" hits="0" branch="false"/>
            <line number="14" hits="0" branch="false"/>
            <line number="21" hits="0" branch="false"/>
            <line number="22" hits="0" branch="false"/>
            <line number="24" hits="0" branch="false"/>
            <line number="25" hits="0" branch="false"/>
            <line number="28" hits="0" branch="false"/>
            <line number="32" hits="0" branch="true" condition-coverage="0% (0/3)"/>
            <line number="34" hits="0" branch="false"/>
            <line number="38" hits="0" branch="false"/>
            <line number="42" hits="0" branch="false"/>
            <line number="46" hits="0" branch="false"/>
            <line number="47" hits="0" branch="false"/>
            <line number="49" hits="0" branch="false"/>
            <line number="50" hits="0" branch="false"/>
            <line number="52" hits="0" branch="false"/>
            <line number="54" hits="0" branch="false"/>
            <line number="57" hits="0" branch="false"/>
            <line number="58" hits="0" branch="false"/>
            <line number="59" hits="0" branch="false"/>
          </lines>
        </class>
      </classes>
    </package>
    <package name="packages.app.test.helpers" line-rate="0.0625" branch-rate="0">
      <classes>
        <class name="index.ts" filename="packages/app/test/helpers/index.ts" line-rate="0" branch-rate="1">
          <methods>
          </methods>
          <lines>
            <line number="1" hits="0" branch="false"/>
          </lines>
        </class>
        <class name="mountTest.tsx" filename="packages/app/test/helpers/mountTest.tsx" line-rate="0" branch-rate="1">
          <methods>
            <method name="mountTest" hits="0" signature="()V">
              <lines>
                <line number="5" hits="0"/>
              </lines>
            </method>
            <method name="(anonymous_2)" hits="0" signature="()V">
              <lines>
                <line number="6" hits="0"/>
              </lines>
            </method>
            <method name="(anonymous_3)" hits="0" signature="()V">
              <lines>
                <line number="8" hits="0"/>
              </lines>
            </method>
            <method name="(anonymous_4)" hits="0" signature="()V">
              <lines>
                <line number="10" hits="0"/>
              </lines>
            </method>
          </methods>
          <lines>
            <line number="1" hits="0" branch="false"/>
            <line number="2" hits="0" branch="false"/>
            <line number="5" hits="0" branch="false"/>
            <line number="6" hits="0" branch="false"/>
            <line number="8" hits="0" branch="false"/>
            <line number="9" hits="0" branch="false"/>
            <line number="10" hits="0" branch="false"/>
            <line number="11" hits="0" branch="false"/>
            <line number="12" hits="0" branch="false"/>
          </lines>
        </class>
        <class name="reduxTestHelper.tsx" filename="packages/app/test/helpers/reduxTestHelper.tsx" line-rate="0" branch-rate="0">
          <methods>
            <method name="renderHookWithStore" hits="0" signature="()V">
              <lines>
                <line number="17" hits="0"/>
              </lines>
            </method>
            <method name="(anonymous_1)" hits="0" signature="()V">
              <lines>
                <line number="50" hits="0"/>
              </lines>
            </method>
          </methods>
          <lines>
            <line number="1" hits="0" branch="false"/>
            <line number="2" hits="0" branch="false"/>
            <line number="3" hits="0" branch="false"/>
            <line number="17" hits="0" branch="false"/>
            <line number="26" hits="0" branch="true" condition-coverage="0% (0/2)"/>
            <line number="27" hits="0" branch="false"/>
            <line number="31" hits="0" branch="false"/>
            <line number="35" hits="0" branch="true" condition-coverage="0% (0/1)"/>
            <line number="36" hits="0" branch="true" condition-coverage="0% (0/2)"/>
            <line number="37" hits="0" branch="false"/>
            <line number="41" hits="0" branch="false"/>
            <line number="45" hits="0" branch="true" condition-coverage="0% (0/2)"/>
            <line number="48" hits="0" branch="false"/>
            <line number="50" hits="0" branch="false"/>
          </lines>
        </class>
        <class name="renderedSnapshot.ts" filename="packages/app/test/helpers/renderedSnapshot.ts" line-rate="0.25" branch-rate="1">
          <methods>
            <method name="toMatchRenderedSnapshot" hits="0" signature="()V">
              <lines>
                <line number="4" hits="0"/>
              </lines>
            </method>
            <method name="(anonymous_1)" hits="0" signature="()V">
              <lines>
                <line number="12" hits="0"/>
              </lines>
            </method>
            <method name="(anonymous_2)" hits="0" signature="()V">
              <lines>
                <line number="17" hits="0"/>
              </lines>
            </method>
          </methods>
          <lines>
            <line number="1" hits="4" branch="false"/>
            <line number="4" hits="4" branch="false"/>
            <line number="8" hits="0" branch="false"/>
            <line number="9" hits="0" branch="false"/>
            <line number="11" hits="0" branch="false"/>
            <line number="12" hits="0" branch="false"/>
            <line number="16" hits="0" branch="false"/>
            <line number="17" hits="0" branch="false"/>
          </lines>
        </class>
      </classes>
    </package>
    <package name="packages.demo.src" line-rate="0" branch-rate="1">
      <classes>
        <class name="index.ts" filename="packages/demo/src/index.ts" line-rate="0" branch-rate="1">
          <methods>
          </methods>
          <lines>
            <line number="1" hits="0" branch="false"/>
          </lines>
        </class>
      </classes>
    </package>
    <package name="src" line-rate="0" branch-rate="1">
      <classes>
        <class name="index.ts" filename="src/index.ts" line-rate="0" branch-rate="1">
          <methods>
          </methods>
          <lines>
            <line number="1" hits="0" branch="false"/>
          </lines>
        </class>
        <class name="root.ts" filename="src/root.ts" line-rate="0" branch-rate="1">
          <methods>
          </methods>
          <lines>
            <line number="1" hits="0" branch="false"/>
          </lines>
        </class>
      </classes>
    </package>
    <package name="test" line-rate="1" branch-rate="1">
      <classes>
        <class name="create-jest-config.ts" filename="test/create-jest-config.ts" line-rate="1" branch-rate="1">
          <methods>
            <method name="matchProject" hits="130" signature="()V">
              <lines>
                <line number="7" hits="130"/>
              </lines>
            </method>
            <method name="(anonymous_2)" hits="260" signature="()V">
              <lines>
                <line number="8" hits="260"/>
              </lines>
            </method>
            <method name="setupEnv" hits="65" signature="()V">
              <lines>
                <line number="11" hits="65"/>
              </lines>
            </method>
            <method name="coverageConfig" hits="42" signature="()V">
              <lines>
                <line number="19" hits="42"/>
              </lines>
            </method>
            <method name="setupFiles" hits="65" signature="()V">
              <lines>
                <line number="47" hits="65"/>
              </lines>
            </method>
            <method name="testTarget" hits="65" signature="()V">
              <lines>
                <line number="62" hits="65"/>
              </lines>
            </method>
            <method name="parserConfig" hits="65" signature="()V">
              <lines>
                <line number="88" hits="65"/>
              </lines>
            </method>
            <method name="snapshotConfig" hits="65" signature="()V">
              <lines>
                <line number="112" hits="65"/>
              </lines>
            </method>
            <method name="createJestConfig" hits="65" signature="()V">
              <lines>
                <line number="120" hits="65"/>
              </lines>
            </method>
          </methods>
          <lines>
            <line number="2" hits="1" branch="false"/>
            <line number="3" hits="1" branch="false"/>
            <line number="8" hits="260" branch="true" condition-coverage="100% (2/2)"/>
            <line number="12" hits="65" branch="false"/>
            <line number="20" hits="42" branch="false"/>
            <line number="38" hits="1" branch="false"/>
            <line number="39" hits="1" branch="false"/>
            <line number="41" hits="1" branch="false"/>
            <line number="42" hits="1" branch="false"/>
            <line number="50" hits="65" branch="false"/>
            <line number="71" hits="65" branch="false"/>
            <line number="94" hits="65" branch="false"/>
            <line number="115" hits="65" branch="false"/>
            <line number="118" hits="1" branch="false"/>
            <line number="120" hits="1" branch="false"/>
            <line number="121" hits="65" branch="true" condition-coverage="100% (1/1)"/>
            <line number="122" hits="23" branch="false"/>
            <line number="125" hits="65" branch="false"/>
            <line number="126" hits="65" branch="true" condition-coverage="100% (1/1)"/>
            <line number="127" hits="23" branch="false"/>
            <line number="129" hits="65" branch="false"/>
            <line number="137" hits="65" branch="true" condition-coverage="100% (1/1)"/>
            <line number="138" hits="42" branch="false"/>
            <line number="143" hits="65" branch="false"/>
          </lines>
        </class>
      </classes>
    </package>
    <package name="test.helpers" line-rate="0" branch-rate="1">
      <classes>
        <class name="index.ts" filename="test/helpers/index.ts" line-rate="0" branch-rate="1">
          <methods>
          </methods>
          <lines>
            <line number="1" hits="0" branch="false"/>
          </lines>
        </class>
        <class name="root-tester.ts" filename="test/helpers/root-tester.ts" line-rate="0" branch-rate="1">
          <methods>
          </methods>
          <lines>
            <line number="1" hits="0" branch="false"/>
          </lines>
        </class>
      </classes>
    </package>
  </packages>
</coverage>
